2025-11-25 03:24:41,042 - main - INFO - [main.py:44] - 🚀 Starting Company Chatbot Backend API with Authentication
2025-11-25 03:24:41,043 - main - INFO - [main.py:45] - 📊 Rate limit: 30 requests/minute
2025-11-25 03:24:45,832 - error - ERROR - [custom_logging.py:84] - ERROR: {"timestamp": "2025-11-25T03:24:45.832726", "user_id": "system", "error_type": "health_check_failed", "error_message": "All connection attempts failed", "context": {}, "type": "error"}
2025-11-25 03:24:45,833 - api - INFO - [custom_logging.py:68] - API_REQUEST: {"timestamp": "2025-11-25T03:24:45.833525", "user_id": "unknown", "endpoint": "/api/v1/health", "method": "GET", "status_code": 200, "processing_time": 0.01, "type": "api_request"}
2025-11-25 03:25:15,909 - error - ERROR - [custom_logging.py:84] - ERROR: {"timestamp": "2025-11-25T03:25:15.909089", "user_id": "system", "error_type": "health_check_failed", "error_message": "All connection attempts failed", "context": {}, "type": "error"}
2025-11-25 03:25:15,910 - api - INFO - [custom_logging.py:68] - API_REQUEST: {"timestamp": "2025-11-25T03:25:15.910971", "user_id": "unknown", "endpoint": "/api/v1/health", "method": "GET", "status_code": 200, "processing_time": 0.01, "type": "api_request"}
2025-11-25 03:25:33,001 - error - ERROR - [custom_logging.py:84] - ERROR: {"timestamp": "2025-11-25T03:25:33.001220", "user_id": "system", "error_type": "health_check_failed", "error_message": "All connection attempts failed", "context": {}, "type": "error"}
2025-11-25 03:25:33,002 - api - INFO - [custom_logging.py:68] - API_REQUEST: {"timestamp": "2025-11-25T03:25:33.002586", "user_id": "unknown", "endpoint": "/api/v1/health", "method": "GET", "status_code": 200, "processing_time": 0.018, "type": "api_request"}
2025-11-25 03:25:45,980 - error - ERROR - [custom_logging.py:84] - ERROR: {"timestamp": "2025-11-25T03:25:45.980878", "user_id": "system", "error_type": "health_check_failed", "error_message": "All connection attempts failed", "context": {}, "type": "error"}
2025-11-25 03:25:45,981 - api - INFO - [custom_logging.py:68] - API_REQUEST: {"timestamp": "2025-11-25T03:25:45.981671", "user_id": "unknown", "endpoint": "/api/v1/health", "method": "GET", "status_code": 200, "processing_time": 0.006, "type": "api_request"}
2025-11-25 03:25:46,543 - main - INFO - [main.py:164] - 📨 Chat request - User: user001, Message: test docker deployment thành công
2025-11-25 03:25:46,558 - main - ERROR - [main.py:197] - 🔌 Search API connection error: All connection attempts failed
2025-11-25 03:25:46,558 - error - ERROR - [custom_logging.py:84] - ERROR: {"timestamp": "2025-11-25T03:25:46.558824", "user_id": "user001", "error_type": "search_api_error", "error_message": "All connection attempts failed", "context": {}, "type": "error"}
2025-11-25 03:26:16,060 - error - ERROR - [custom_logging.py:84] - ERROR: {"timestamp": "2025-11-25T03:26:16.060251", "user_id": "system", "error_type": "health_check_failed", "error_message": "All connection attempts failed", "context": {}, "type": "error"}
2025-11-25 03:26:16,061 - api - INFO - [custom_logging.py:68] - API_REQUEST: {"timestamp": "2025-11-25T03:26:16.061206", "user_id": "unknown", "endpoint": "/api/v1/health", "method": "GET", "status_code": 200, "processing_time": 0.01, "type": "api_request"}
2025-11-25 03:26:46,133 - error - ERROR - [custom_logging.py:84] - ERROR: {"timestamp": "2025-11-25T03:26:46.133248", "user_id": "system", "error_type": "health_check_failed", "error_message": "All connection attempts failed", "context": {}, "type": "error"}
2025-11-25 03:26:46,134 - api - INFO - [custom_logging.py:68] - API_REQUEST: {"timestamp": "2025-11-25T03:26:46.134238", "user_id": "unknown", "endpoint": "/api/v1/health", "method": "GET", "status_code": 200, "processing_time": 0.009, "type": "api_request"}
2025-11-25 03:27:49,988 - main - INFO - [main.py:44] - 🚀 Starting Company Chatbot Backend API with Authentication
2025-11-25 03:27:49,989 - main - INFO - [main.py:45] - 📊 Rate limit: 30 requests/minute
2025-11-25 03:27:54,777 - error - ERROR - [custom_logging.py:84] - ERROR: {"timestamp": "2025-11-25T03:27:54.777729", "user_id": "system", "error_type": "health_check_failed", "error_message": "All connection attempts failed", "context": {}, "type": "error"}
2025-11-25 03:27:54,778 - api - INFO - [custom_logging.py:68] - API_REQUEST: {"timestamp": "2025-11-25T03:27:54.778583", "user_id": "unknown", "endpoint": "/api/v1/health", "method": "GET", "status_code": 200, "processing_time": 0.01, "type": "api_request"}
2025-11-25 03:28:24,849 - error - ERROR - [custom_logging.py:84] - ERROR: {"timestamp": "2025-11-25T03:28:24.849111", "user_id": "system", "error_type": "health_check_failed", "error_message": "All connection attempts failed", "context": {}, "type": "error"}
2025-11-25 03:28:24,850 - api - INFO - [custom_logging.py:68] - API_REQUEST: {"timestamp": "2025-11-25T03:28:24.849989", "user_id": "unknown", "endpoint": "/api/v1/health", "method": "GET", "status_code": 200, "processing_time": 0.009, "type": "api_request"}
2025-11-25 03:28:54,918 - error - ERROR - [custom_logging.py:84] - ERROR: {"timestamp": "2025-11-25T03:28:54.918658", "user_id": "system", "error_type": "health_check_failed", "error_message": "All connection attempts failed", "context": {}, "type": "error"}
2025-11-25 03:28:54,920 - api - INFO - [custom_logging.py:68] - API_REQUEST: {"timestamp": "2025-11-25T03:28:54.920617", "user_id": "unknown", "endpoint": "/api/v1/health", "method": "GET", "status_code": 200, "processing_time": 0.012, "type": "api_request"}
2025-11-25 03:29:24,992 - error - ERROR - [custom_logging.py:84] - ERROR: {"timestamp": "2025-11-25T03:29:24.992874", "user_id": "system", "error_type": "health_check_failed", "error_message": "All connection attempts failed", "context": {}, "type": "error"}
2025-11-25 03:29:24,993 - api - INFO - [custom_logging.py:68] - API_REQUEST: {"timestamp": "2025-11-25T03:29:24.993623", "user_id": "unknown", "endpoint": "/api/v1/health", "method": "GET", "status_code": 200, "processing_time": 0.008, "type": "api_request"}
2025-11-25 03:29:55,077 - error - ERROR - [custom_logging.py:84] - ERROR: {"timestamp": "2025-11-25T03:29:55.077036", "user_id": "system", "error_type": "health_check_failed", "error_message": "All connection attempts failed", "context": {}, "type": "error"}
2025-11-25 03:29:55,077 - api - INFO - [custom_logging.py:68] - API_REQUEST: {"timestamp": "2025-11-25T03:29:55.077780", "user_id": "unknown", "endpoint": "/api/v1/health", "method": "GET", "status_code": 200, "processing_time": 0.009, "type": "api_request"}
2025-11-25 03:30:25,144 - error - ERROR - [custom_logging.py:84] - ERROR: {"timestamp": "2025-11-25T03:30:25.144956", "user_id": "system", "error_type": "health_check_failed", "error_message": "All connection attempts failed", "context": {}, "type": "error"}
2025-11-25 03:30:25,145 - api - INFO - [custom_logging.py:68] - API_REQUEST: {"timestamp": "2025-11-25T03:30:25.145721", "user_id": "unknown", "endpoint": "/api/v1/health", "method": "GET", "status_code": 200, "processing_time": 0.009, "type": "api_request"}
2025-11-25 03:30:55,218 - error - ERROR - [custom_logging.py:84] - ERROR: {"timestamp": "2025-11-25T03:30:55.218053", "user_id": "system", "error_type": "health_check_failed", "error_message": "All connection attempts failed", "context": {}, "type": "error"}
2025-11-25 03:30:55,219 - api - INFO - [custom_logging.py:68] - API_REQUEST: {"timestamp": "2025-11-25T03:30:55.219011", "user_id": "unknown", "endpoint": "/api/v1/health", "method": "GET", "status_code": 200, "processing_time": 0.009, "type": "api_request"}
2025-11-25 03:31:25,297 - error - ERROR - [custom_logging.py:84] - ERROR: {"timestamp": "2025-11-25T03:31:25.297499", "user_id": "system", "error_type": "health_check_failed", "error_message": "All connection attempts failed", "context": {}, "type": "error"}
2025-11-25 03:31:25,298 - api - INFO - [custom_logging.py:68] - API_REQUEST: {"timestamp": "2025-11-25T03:31:25.298585", "user_id": "unknown", "endpoint": "/api/v1/health", "method": "GET", "status_code": 200, "processing_time": 0.01, "type": "api_request"}
2025-11-25 03:31:55,366 - error - ERROR - [custom_logging.py:84] - ERROR: {"timestamp": "2025-11-25T03:31:55.366296", "user_id": "system", "error_type": "health_check_failed", "error_message": "All connection attempts failed", "context": {}, "type": "error"}
2025-11-25 03:31:55,367 - api - INFO - [custom_logging.py:68] - API_REQUEST: {"timestamp": "2025-11-25T03:31:55.367230", "user_id": "unknown", "endpoint": "/api/v1/health", "method": "GET", "status_code": 200, "processing_time": 0.009, "type": "api_request"}
2025-11-25 03:32:25,441 - error - ERROR - [custom_logging.py:84] - ERROR: {"timestamp": "2025-11-25T03:32:25.441170", "user_id": "system", "error_type": "health_check_failed", "error_message": "All connection attempts failed", "context": {}, "type": "error"}
2025-11-25 03:32:25,442 - api - INFO - [custom_logging.py:68] - API_REQUEST: {"timestamp": "2025-11-25T03:32:25.442057", "user_id": "unknown", "endpoint": "/api/v1/health", "method": "GET", "status_code": 200, "processing_time": 0.009, "type": "api_request"}
2025-11-25 03:32:55,514 - error - ERROR - [custom_logging.py:84] - ERROR: {"timestamp": "2025-11-25T03:32:55.514508", "user_id": "system", "error_type": "health_check_failed", "error_message": "All connection attempts failed", "context": {}, "type": "error"}
2025-11-25 03:32:55,515 - api - INFO - [custom_logging.py:68] - API_REQUEST: {"timestamp": "2025-11-25T03:32:55.515321", "user_id": "unknown", "endpoint": "/api/v1/health", "method": "GET", "status_code": 200, "processing_time": 0.009, "type": "api_request"}
2025-11-25 03:33:25,586 - error - ERROR - [custom_logging.py:84] - ERROR: {"timestamp": "2025-11-25T03:33:25.586832", "user_id": "system", "error_type": "health_check_failed", "error_message": "All connection attempts failed", "context": {}, "type": "error"}
2025-11-25 03:33:25,587 - api - INFO - [custom_logging.py:68] - API_REQUEST: {"timestamp": "2025-11-25T03:33:25.587847", "user_id": "unknown", "endpoint": "/api/v1/health", "method": "GET", "status_code": 200, "processing_time": 0.009, "type": "api_request"}
2025-11-25 03:33:55,656 - error - ERROR - [custom_logging.py:84] - ERROR: {"timestamp": "2025-11-25T03:33:55.655984", "user_id": "system", "error_type": "health_check_failed", "error_message": "All connection attempts failed", "context": {}, "type": "error"}
2025-11-25 03:33:55,657 - api - INFO - [custom_logging.py:68] - API_REQUEST: {"timestamp": "2025-11-25T03:33:55.656984", "user_id": "unknown", "endpoint": "/api/v1/health", "method": "GET", "status_code": 200, "processing_time": 0.009, "type": "api_request"}
2025-11-25 03:34:25,732 - error - ERROR - [custom_logging.py:84] - ERROR: {"timestamp": "2025-11-25T03:34:25.732554", "user_id": "system", "error_type": "health_check_failed", "error_message": "All connection attempts failed", "context": {}, "type": "error"}
2025-11-25 03:34:25,734 - api - INFO - [custom_logging.py:68] - API_REQUEST: {"timestamp": "2025-11-25T03:34:25.734797", "user_id": "unknown", "endpoint": "/api/v1/health", "method": "GET", "status_code": 200, "processing_time": 0.011, "type": "api_request"}
2025-11-25 03:34:55,803 - error - ERROR - [custom_logging.py:84] - ERROR: {"timestamp": "2025-11-25T03:34:55.803517", "user_id": "system", "error_type": "health_check_failed", "error_message": "All connection attempts failed", "context": {}, "type": "error"}
2025-11-25 03:34:55,804 - api - INFO - [custom_logging.py:68] - API_REQUEST: {"timestamp": "2025-11-25T03:34:55.804368", "user_id": "unknown", "endpoint": "/api/v1/health", "method": "GET", "status_code": 200, "processing_time": 0.008, "type": "api_request"}
2025-11-25 03:35:25,871 - error - ERROR - [custom_logging.py:84] - ERROR: {"timestamp": "2025-11-25T03:35:25.871711", "user_id": "system", "error_type": "health_check_failed", "error_message": "All connection attempts failed", "context": {}, "type": "error"}
2025-11-25 03:35:25,873 - api - INFO - [custom_logging.py:68] - API_REQUEST: {"timestamp": "2025-11-25T03:35:25.873438", "user_id": "unknown", "endpoint": "/api/v1/health", "method": "GET", "status_code": 200, "processing_time": 0.01, "type": "api_request"}
2025-11-25 03:35:55,948 - error - ERROR - [custom_logging.py:84] - ERROR: {"timestamp": "2025-11-25T03:35:55.948454", "user_id": "system", "error_type": "health_check_failed", "error_message": "All connection attempts failed", "context": {}, "type": "error"}
2025-11-25 03:35:55,949 - api - INFO - [custom_logging.py:68] - API_REQUEST: {"timestamp": "2025-11-25T03:35:55.949295", "user_id": "unknown", "endpoint": "/api/v1/health", "method": "GET", "status_code": 200, "processing_time": 0.009, "type": "api_request"}
2025-11-25 03:36:26,023 - error - ERROR - [custom_logging.py:84] - ERROR: {"timestamp": "2025-11-25T03:36:26.023072", "user_id": "system", "error_type": "health_check_failed", "error_message": "All connection attempts failed", "context": {}, "type": "error"}
2025-11-25 03:36:26,024 - api - INFO - [custom_logging.py:68] - API_REQUEST: {"timestamp": "2025-11-25T03:36:26.024794", "user_id": "unknown", "endpoint": "/api/v1/health", "method": "GET", "status_code": 200, "processing_time": 0.01, "type": "api_request"}
2025-11-25 03:36:56,098 - error - ERROR - [custom_logging.py:84] - ERROR: {"timestamp": "2025-11-25T03:36:56.098703", "user_id": "system", "error_type": "health_check_failed", "error_message": "All connection attempts failed", "context": {}, "type": "error"}
2025-11-25 03:36:56,100 - api - INFO - [custom_logging.py:68] - API_REQUEST: {"timestamp": "2025-11-25T03:36:56.100631", "user_id": "unknown", "endpoint": "/api/v1/health", "method": "GET", "status_code": 200, "processing_time": 0.01, "type": "api_request"}
2025-11-25 03:37:26,175 - error - ERROR - [custom_logging.py:84] - ERROR: {"timestamp": "2025-11-25T03:37:26.175756", "user_id": "system", "error_type": "health_check_failed", "error_message": "All connection attempts failed", "context": {}, "type": "error"}
2025-11-25 03:37:26,177 - api - INFO - [custom_logging.py:68] - API_REQUEST: {"timestamp": "2025-11-25T03:37:26.177717", "user_id": "unknown", "endpoint": "/api/v1/health", "method": "GET", "status_code": 200, "processing_time": 0.01, "type": "api_request"}
2025-11-25 03:37:56,253 - error - ERROR - [custom_logging.py:84] - ERROR: {"timestamp": "2025-11-25T03:37:56.253102", "user_id": "system", "error_type": "health_check_failed", "error_message": "All connection attempts failed", "context": {}, "type": "error"}
2025-11-25 03:37:56,254 - api - INFO - [custom_logging.py:68] - API_REQUEST: {"timestamp": "2025-11-25T03:37:56.254887", "user_id": "unknown", "endpoint": "/api/v1/health", "method": "GET", "status_code": 200, "processing_time": 0.01, "type": "api_request"}
2025-11-25 03:38:25,411 - main - INFO - [main.py:48] - 🛑 Shutting down Company Chatbot Backend API
2025-11-25 03:38:25,948 - main - INFO - [main.py:44] - 🚀 Starting Company Chatbot Backend API with Authentication
2025-11-25 03:38:25,948 - main - INFO - [main.py:45] - 📊 Rate limit: 30 requests/minute
2025-11-25 03:38:30,763 - api - INFO - [custom_logging.py:68] - API_REQUEST: {"timestamp": "2025-11-25T03:38:30.763588", "user_id": "unknown", "endpoint": "/api/v1/health", "method": "GET", "status_code": 200, "processing_time": 0.017, "type": "api_request"}
2025-11-25 03:39:00,849 - api - INFO - [custom_logging.py:68] - API_REQUEST: {"timestamp": "2025-11-25T03:39:00.849354", "user_id": "unknown", "endpoint": "/api/v1/health", "method": "GET", "status_code": 200, "processing_time": 0.015, "type": "api_request"}
2025-11-25 03:39:30,916 - api - INFO - [custom_logging.py:68] - API_REQUEST: {"timestamp": "2025-11-25T03:39:30.916197", "user_id": "unknown", "endpoint": "/api/v1/health", "method": "GET", "status_code": 200, "processing_time": 0.016, "type": "api_request"}
2025-11-25 03:40:00,987 - api - INFO - [custom_logging.py:68] - API_REQUEST: {"timestamp": "2025-11-25T03:40:00.987178", "user_id": "unknown", "endpoint": "/api/v1/health", "method": "GET", "status_code": 200, "processing_time": 0.014, "type": "api_request"}
2025-11-25 03:40:31,063 - api - INFO - [custom_logging.py:68] - API_REQUEST: {"timestamp": "2025-11-25T03:40:31.063667", "user_id": "unknown", "endpoint": "/api/v1/health", "method": "GET", "status_code": 200, "processing_time": 0.014, "type": "api_request"}
2025-11-25 03:41:01,137 - api - INFO - [custom_logging.py:68] - API_REQUEST: {"timestamp": "2025-11-25T03:41:01.137473", "user_id": "unknown", "endpoint": "/api/v1/health", "method": "GET", "status_code": 200, "processing_time": 0.013, "type": "api_request"}
2025-11-25 03:41:31,217 - api - INFO - [custom_logging.py:68] - API_REQUEST: {"timestamp": "2025-11-25T03:41:31.217028", "user_id": "unknown", "endpoint": "/api/v1/health", "method": "GET", "status_code": 200, "processing_time": 0.019, "type": "api_request"}
2025-11-25 03:42:01,305 - api - INFO - [custom_logging.py:68] - API_REQUEST: {"timestamp": "2025-11-25T03:42:01.304930", "user_id": "unknown", "endpoint": "/api/v1/health", "method": "GET", "status_code": 200, "processing_time": 0.014, "type": "api_request"}
2025-11-25 03:42:31,381 - api - INFO - [custom_logging.py:68] - API_REQUEST: {"timestamp": "2025-11-25T03:42:31.380994", "user_id": "unknown", "endpoint": "/api/v1/health", "method": "GET", "status_code": 200, "processing_time": 0.012, "type": "api_request"}
2025-11-25 03:43:01,460 - api - INFO - [custom_logging.py:68] - API_REQUEST: {"timestamp": "2025-11-25T03:43:01.460533", "user_id": "unknown", "endpoint": "/api/v1/health", "method": "GET", "status_code": 200, "processing_time": 0.012, "type": "api_request"}
2025-11-25 03:43:31,530 - api - INFO - [custom_logging.py:68] - API_REQUEST: {"timestamp": "2025-11-25T03:43:31.530612", "user_id": "unknown", "endpoint": "/api/v1/health", "method": "GET", "status_code": 200, "processing_time": 0.013, "type": "api_request"}
2025-11-25 03:44:01,604 - api - INFO - [custom_logging.py:68] - API_REQUEST: {"timestamp": "2025-11-25T03:44:01.604562", "user_id": "unknown", "endpoint": "/api/v1/health", "method": "GET", "status_code": 200, "processing_time": 0.012, "type": "api_request"}
2025-11-25 03:44:31,679 - api - INFO - [custom_logging.py:68] - API_REQUEST: {"timestamp": "2025-11-25T03:44:31.679923", "user_id": "unknown", "endpoint": "/api/v1/health", "method": "GET", "status_code": 200, "processing_time": 0.013, "type": "api_request"}
2025-11-25 03:45:01,748 - api - INFO - [custom_logging.py:68] - API_REQUEST: {"timestamp": "2025-11-25T03:45:01.748784", "user_id": "unknown", "endpoint": "/api/v1/health", "method": "GET", "status_code": 200, "processing_time": 0.012, "type": "api_request"}
2025-11-25 03:45:31,826 - api - INFO - [custom_logging.py:68] - API_REQUEST: {"timestamp": "2025-11-25T03:45:31.826431", "user_id": "unknown", "endpoint": "/api/v1/health", "method": "GET", "status_code": 200, "processing_time": 0.015, "type": "api_request"}
2025-11-25 03:46:01,908 - api - INFO - [custom_logging.py:68] - API_REQUEST: {"timestamp": "2025-11-25T03:46:01.908306", "user_id": "unknown", "endpoint": "/api/v1/health", "method": "GET", "status_code": 200, "processing_time": 0.014, "type": "api_request"}
2025-11-25 03:46:31,987 - api - INFO - [custom_logging.py:68] - API_REQUEST: {"timestamp": "2025-11-25T03:46:31.987550", "user_id": "unknown", "endpoint": "/api/v1/health", "method": "GET", "status_code": 200, "processing_time": 0.016, "type": "api_request"}
2025-11-25 03:47:02,050 - api - INFO - [custom_logging.py:68] - API_REQUEST: {"timestamp": "2025-11-25T03:47:02.049949", "user_id": "unknown", "endpoint": "/api/v1/health", "method": "GET", "status_code": 200, "processing_time": 0.011, "type": "api_request"}
2025-11-25 03:47:32,103 - api - INFO - [custom_logging.py:68] - API_REQUEST: {"timestamp": "2025-11-25T03:47:32.103281", "user_id": "unknown", "endpoint": "/api/v1/health", "method": "GET", "status_code": 200, "processing_time": 0.014, "type": "api_request"}
2025-11-25 03:48:02,155 - api - INFO - [custom_logging.py:68] - API_REQUEST: {"timestamp": "2025-11-25T03:48:02.155897", "user_id": "unknown", "endpoint": "/api/v1/health", "method": "GET", "status_code": 200, "processing_time": 0.01, "type": "api_request"}
2025-11-25 03:48:32,246 - api - INFO - [custom_logging.py:68] - API_REQUEST: {"timestamp": "2025-11-25T03:48:32.246592", "user_id": "unknown", "endpoint": "/api/v1/health", "method": "GET", "status_code": 200, "processing_time": 0.016, "type": "api_request"}
2025-11-25 03:49:02,317 - api - INFO - [custom_logging.py:68] - API_REQUEST: {"timestamp": "2025-11-25T03:49:02.317003", "user_id": "unknown", "endpoint": "/api/v1/health", "method": "GET", "status_code": 200, "processing_time": 0.014, "type": "api_request"}
2025-11-25 03:49:32,404 - api - INFO - [custom_logging.py:68] - API_REQUEST: {"timestamp": "2025-11-25T03:49:32.404629", "user_id": "unknown", "endpoint": "/api/v1/health", "method": "GET", "status_code": 200, "processing_time": 0.018, "type": "api_request"}
2025-11-25 03:50:02,473 - api - INFO - [custom_logging.py:68] - API_REQUEST: {"timestamp": "2025-11-25T03:50:02.473686", "user_id": "unknown", "endpoint": "/api/v1/health", "method": "GET", "status_code": 200, "processing_time": 0.012, "type": "api_request"}
2025-11-25 03:50:32,545 - api - INFO - [custom_logging.py:68] - API_REQUEST: {"timestamp": "2025-11-25T03:50:32.545414", "user_id": "unknown", "endpoint": "/api/v1/health", "method": "GET", "status_code": 200, "processing_time": 0.013, "type": "api_request"}
2025-11-25 03:51:02,620 - api - INFO - [custom_logging.py:68] - API_REQUEST: {"timestamp": "2025-11-25T03:51:02.620724", "user_id": "unknown", "endpoint": "/api/v1/health", "method": "GET", "status_code": 200, "processing_time": 0.013, "type": "api_request"}
2025-11-25 03:51:32,706 - api - INFO - [custom_logging.py:68] - API_REQUEST: {"timestamp": "2025-11-25T03:51:32.706559", "user_id": "unknown", "endpoint": "/api/v1/health", "method": "GET", "status_code": 200, "processing_time": 0.015, "type": "api_request"}
2025-11-25 03:52:02,778 - api - INFO - [custom_logging.py:68] - API_REQUEST: {"timestamp": "2025-11-25T03:52:02.778401", "user_id": "unknown", "endpoint": "/api/v1/health", "method": "GET", "status_code": 200, "processing_time": 0.013, "type": "api_request"}
2025-11-25 03:52:32,849 - api - INFO - [custom_logging.py:68] - API_REQUEST: {"timestamp": "2025-11-25T03:52:32.849602", "user_id": "unknown", "endpoint": "/api/v1/health", "method": "GET", "status_code": 200, "processing_time": 0.012, "type": "api_request"}
2025-11-25 03:53:02,935 - api - INFO - [custom_logging.py:68] - API_REQUEST: {"timestamp": "2025-11-25T03:53:02.935775", "user_id": "unknown", "endpoint": "/api/v1/health", "method": "GET", "status_code": 200, "processing_time": 0.014, "type": "api_request"}
2025-11-25 03:53:33,014 - api - INFO - [custom_logging.py:68] - API_REQUEST: {"timestamp": "2025-11-25T03:53:33.014300", "user_id": "unknown", "endpoint": "/api/v1/health", "method": "GET", "status_code": 200, "processing_time": 0.016, "type": "api_request"}
2025-11-25 03:54:03,092 - api - INFO - [custom_logging.py:68] - API_REQUEST: {"timestamp": "2025-11-25T03:54:03.092812", "user_id": "unknown", "endpoint": "/api/v1/health", "method": "GET", "status_code": 200, "processing_time": 0.014, "type": "api_request"}
2025-11-25 03:54:33,167 - api - INFO - [custom_logging.py:68] - API_REQUEST: {"timestamp": "2025-11-25T03:54:33.167842", "user_id": "unknown", "endpoint": "/api/v1/health", "method": "GET", "status_code": 200, "processing_time": 0.013, "type": "api_request"}
2025-11-25 03:55:03,162 - api - INFO - [custom_logging.py:68] - API_REQUEST: {"timestamp": "2025-11-25T03:55:03.162437", "user_id": "unknown", "endpoint": "/api/v1/health", "method": "GET", "status_code": 200, "processing_time": 0.014, "type": "api_request"}
2025-11-25 03:55:33,238 - api - INFO - [custom_logging.py:68] - API_REQUEST: {"timestamp": "2025-11-25T03:55:33.237993", "user_id": "unknown", "endpoint": "/api/v1/health", "method": "GET", "status_code": 200, "processing_time": 0.016, "type": "api_request"}
2025-11-25 03:56:03,322 - api - INFO - [custom_logging.py:68] - API_REQUEST: {"timestamp": "2025-11-25T03:56:03.322225", "user_id": "unknown", "endpoint": "/api/v1/health", "method": "GET", "status_code": 200, "processing_time": 0.014, "type": "api_request"}
2025-11-25 03:56:33,399 - api - INFO - [custom_logging.py:68] - API_REQUEST: {"timestamp": "2025-11-25T03:56:33.399930", "user_id": "unknown", "endpoint": "/api/v1/health", "method": "GET", "status_code": 200, "processing_time": 0.014, "type": "api_request"}
2025-11-25 03:57:03,467 - api - INFO - [custom_logging.py:68] - API_REQUEST: {"timestamp": "2025-11-25T03:57:03.467438", "user_id": "unknown", "endpoint": "/api/v1/health", "method": "GET", "status_code": 200, "processing_time": 0.012, "type": "api_request"}
2025-11-25 03:57:33,537 - api - INFO - [custom_logging.py:68] - API_REQUEST: {"timestamp": "2025-11-25T03:57:33.537672", "user_id": "unknown", "endpoint": "/api/v1/health", "method": "GET", "status_code": 200, "processing_time": 0.017, "type": "api_request"}
2025-11-25 03:58:03,616 - api - INFO - [custom_logging.py:68] - API_REQUEST: {"timestamp": "2025-11-25T03:58:03.616675", "user_id": "unknown", "endpoint": "/api/v1/health", "method": "GET", "status_code": 200, "processing_time": 0.015, "type": "api_request"}
2025-11-25 03:58:33,694 - api - INFO - [custom_logging.py:68] - API_REQUEST: {"timestamp": "2025-11-25T03:58:33.694564", "user_id": "unknown", "endpoint": "/api/v1/health", "method": "GET", "status_code": 200, "processing_time": 0.015, "type": "api_request"}
2025-11-25 03:59:03,769 - api - INFO - [custom_logging.py:68] - API_REQUEST: {"timestamp": "2025-11-25T03:59:03.769424", "user_id": "unknown", "endpoint": "/api/v1/health", "method": "GET", "status_code": 200, "processing_time": 0.015, "type": "api_request"}
2025-11-25 03:59:20,553 - main - INFO - [main.py:48] - 🛑 Shutting down Company Chatbot Backend API
2025-11-25 03:59:21,107 - main - INFO - [main.py:44] - 🚀 Starting Company Chatbot Backend API with Authentication
2025-11-25 03:59:21,107 - main - INFO - [main.py:45] - 📊 Rate limit: 30 requests/minute
2025-11-25 03:59:25,895 - api - INFO - [custom_logging.py:68] - API_REQUEST: {"timestamp": "2025-11-25T03:59:25.895253", "user_id": "unknown", "endpoint": "/api/v1/health", "method": "GET", "status_code": 200, "processing_time": 0.014, "type": "api_request"}
2025-11-25 03:59:33,710 - api - INFO - [custom_logging.py:68] - API_REQUEST: {"timestamp": "2025-11-25T03:59:33.710741", "user_id": "unknown", "endpoint": "/api/v1/health", "method": "GET", "status_code": 200, "processing_time": 0.018, "type": "api_request"}
2025-11-25 03:59:55,985 - api - INFO - [custom_logging.py:68] - API_REQUEST: {"timestamp": "2025-11-25T03:59:55.985345", "user_id": "unknown", "endpoint": "/api/v1/health", "method": "GET", "status_code": 200, "processing_time": 0.019, "type": "api_request"}
2025-11-25 04:00:26,068 - api - INFO - [custom_logging.py:68] - API_REQUEST: {"timestamp": "2025-11-25T04:00:26.068786", "user_id": "unknown", "endpoint": "/api/v1/health", "method": "GET", "status_code": 200, "processing_time": 0.013, "type": "api_request"}
2025-11-25 04:00:37,471 - api - INFO - [custom_logging.py:68] - API_REQUEST: {"timestamp": "2025-11-25T04:00:37.471507", "user_id": "unknown", "endpoint": "/api/v1/health", "method": "GET", "status_code": 200, "processing_time": 0.019, "type": "api_request"}
2025-11-25 04:00:50,013 - api - INFO - [custom_logging.py:68] - API_REQUEST: {"timestamp": "2025-11-25T04:00:50.013331", "user_id": "unknown", "endpoint": "/api/v1/health", "method": "GET", "status_code": 200, "processing_time": 0.017, "type": "api_request"}
2025-11-25 04:00:56,152 - api - INFO - [custom_logging.py:68] - API_REQUEST: {"timestamp": "2025-11-25T04:00:56.152355", "user_id": "unknown", "endpoint": "/api/v1/health", "method": "GET", "status_code": 200, "processing_time": 0.016, "type": "api_request"}
2025-11-25 04:01:26,233 - api - INFO - [custom_logging.py:68] - API_REQUEST: {"timestamp": "2025-11-25T04:01:26.233224", "user_id": "unknown", "endpoint": "/api/v1/health", "method": "GET", "status_code": 200, "processing_time": 0.014, "type": "api_request"}
2025-11-25 04:01:46,435 - api - INFO - [custom_logging.py:68] - API_REQUEST: {"timestamp": "2025-11-25T04:01:46.435408", "user_id": "unknown", "endpoint": "/api/v1/health", "method": "GET", "status_code": 200, "processing_time": 0.017, "type": "api_request"}
2025-11-25 04:01:56,310 - api - INFO - [custom_logging.py:68] - API_REQUEST: {"timestamp": "2025-11-25T04:01:56.310643", "user_id": "unknown", "endpoint": "/api/v1/health", "method": "GET", "status_code": 200, "processing_time": 0.012, "type": "api_request"}
2025-11-25 04:02:26,396 - api - INFO - [custom_logging.py:68] - API_REQUEST: {"timestamp": "2025-11-25T04:02:26.396412", "user_id": "unknown", "endpoint": "/api/v1/health", "method": "GET", "status_code": 200, "processing_time": 0.016, "type": "api_request"}
2025-11-25 04:02:56,477 - api - INFO - [custom_logging.py:68] - API_REQUEST: {"timestamp": "2025-11-25T04:02:56.477324", "user_id": "unknown", "endpoint": "/api/v1/health", "method": "GET", "status_code": 200, "processing_time": 0.014, "type": "api_request"}
2025-11-25 04:03:01,865 - api - INFO - [custom_logging.py:68] - API_REQUEST: {"timestamp": "2025-11-25T04:03:01.865071", "user_id": "unknown", "endpoint": "/api/v1/health", "method": "GET", "status_code": 200, "processing_time": 0.009, "type": "api_request"}
2025-11-25 04:03:26,557 - api - INFO - [custom_logging.py:68] - API_REQUEST: {"timestamp": "2025-11-25T04:03:26.557755", "user_id": "unknown", "endpoint": "/api/v1/health", "method": "GET", "status_code": 200, "processing_time": 0.014, "type": "api_request"}
2025-11-25 04:03:56,640 - api - INFO - [custom_logging.py:68] - API_REQUEST: {"timestamp": "2025-11-25T04:03:56.640180", "user_id": "unknown", "endpoint": "/api/v1/health", "method": "GET", "status_code": 200, "processing_time": 0.017, "type": "api_request"}
2025-11-25 04:04:26,710 - api - INFO - [custom_logging.py:68] - API_REQUEST: {"timestamp": "2025-11-25T04:04:26.710405", "user_id": "unknown", "endpoint": "/api/v1/health", "method": "GET", "status_code": 200, "processing_time": 0.013, "type": "api_request"}
2025-11-25 04:04:56,796 - api - INFO - [custom_logging.py:68] - API_REQUEST: {"timestamp": "2025-11-25T04:04:56.796443", "user_id": "unknown", "endpoint": "/api/v1/health", "method": "GET", "status_code": 200, "processing_time": 0.013, "type": "api_request"}
2025-11-25 04:05:26,871 - api - INFO - [custom_logging.py:68] - API_REQUEST: {"timestamp": "2025-11-25T04:05:26.871443", "user_id": "unknown", "endpoint": "/api/v1/health", "method": "GET", "status_code": 200, "processing_time": 0.013, "type": "api_request"}
2025-11-25 04:05:56,954 - api - INFO - [custom_logging.py:68] - API_REQUEST: {"timestamp": "2025-11-25T04:05:56.954602", "user_id": "unknown", "endpoint": "/api/v1/health", "method": "GET", "status_code": 200, "processing_time": 0.015, "type": "api_request"}
2025-11-25 04:06:27,029 - api - INFO - [custom_logging.py:68] - API_REQUEST: {"timestamp": "2025-11-25T04:06:27.029716", "user_id": "unknown", "endpoint": "/api/v1/health", "method": "GET", "status_code": 200, "processing_time": 0.012, "type": "api_request"}
2025-11-25 04:06:57,105 - api - INFO - [custom_logging.py:68] - API_REQUEST: {"timestamp": "2025-11-25T04:06:57.105069", "user_id": "unknown", "endpoint": "/api/v1/health", "method": "GET", "status_code": 200, "processing_time": 0.015, "type": "api_request"}
2025-11-25 04:07:27,190 - api - INFO - [custom_logging.py:68] - API_REQUEST: {"timestamp": "2025-11-25T04:07:27.190212", "user_id": "unknown", "endpoint": "/api/v1/health", "method": "GET", "status_code": 200, "processing_time": 0.013, "type": "api_request"}
2025-11-25 04:07:57,270 - api - INFO - [custom_logging.py:68] - API_REQUEST: {"timestamp": "2025-11-25T04:07:57.270109", "user_id": "unknown", "endpoint": "/api/v1/health", "method": "GET", "status_code": 200, "processing_time": 0.017, "type": "api_request"}
2025-11-25 04:08:27,344 - api - INFO - [custom_logging.py:68] - API_REQUEST: {"timestamp": "2025-11-25T04:08:27.344040", "user_id": "unknown", "endpoint": "/api/v1/health", "method": "GET", "status_code": 200, "processing_time": 0.013, "type": "api_request"}
2025-11-25 04:08:57,420 - api - INFO - [custom_logging.py:68] - API_REQUEST: {"timestamp": "2025-11-25T04:08:57.420152", "user_id": "unknown", "endpoint": "/api/v1/health", "method": "GET", "status_code": 200, "processing_time": 0.013, "type": "api_request"}
2025-11-25 04:09:27,496 - api - INFO - [custom_logging.py:68] - API_REQUEST: {"timestamp": "2025-11-25T04:09:27.496790", "user_id": "unknown", "endpoint": "/api/v1/health", "method": "GET", "status_code": 200, "processing_time": 0.013, "type": "api_request"}
2025-11-25 04:09:51,997 - api - INFO - [custom_logging.py:68] - API_REQUEST: {"timestamp": "2025-11-25T04:09:51.997162", "user_id": "unknown", "endpoint": "/metrics", "method": "GET", "status_code": 404, "processing_time": 0.001, "type": "api_request"}
2025-11-25 04:09:57,572 - api - INFO - [custom_logging.py:68] - API_REQUEST: {"timestamp": "2025-11-25T04:09:57.572822", "user_id": "unknown", "endpoint": "/api/v1/health", "method": "GET", "status_code": 200, "processing_time": 0.016, "type": "api_request"}
2025-11-25 04:10:01,999 - api - INFO - [custom_logging.py:68] - API_REQUEST: {"timestamp": "2025-11-25T04:10:01.999162", "user_id": "unknown", "endpoint": "/metrics", "method": "GET", "status_code": 404, "processing_time": 0.001, "type": "api_request"}
2025-11-25 04:10:12,000 - api - INFO - [custom_logging.py:68] - API_REQUEST: {"timestamp": "2025-11-25T04:10:12.000738", "user_id": "unknown", "endpoint": "/metrics", "method": "GET", "status_code": 404, "processing_time": 0.001, "type": "api_request"}
2025-11-25 04:10:21,998 - api - INFO - [custom_logging.py:68] - API_REQUEST: {"timestamp": "2025-11-25T04:10:21.998305", "user_id": "unknown", "endpoint": "/metrics", "method": "GET", "status_code": 404, "processing_time": 0.001, "type": "api_request"}
2025-11-25 04:10:27,644 - api - INFO - [custom_logging.py:68] - API_REQUEST: {"timestamp": "2025-11-25T04:10:27.644456", "user_id": "unknown", "endpoint": "/api/v1/health", "method": "GET", "status_code": 200, "processing_time": 0.017, "type": "api_request"}
2025-11-25 04:10:32,002 - api - INFO - [custom_logging.py:68] - API_REQUEST: {"timestamp": "2025-11-25T04:10:32.002323", "user_id": "unknown", "endpoint": "/metrics", "method": "GET", "status_code": 404, "processing_time": 0.001, "type": "api_request"}
2025-11-25 04:10:42,001 - api - INFO - [custom_logging.py:68] - API_REQUEST: {"timestamp": "2025-11-25T04:10:42.001278", "user_id": "unknown", "endpoint": "/metrics", "method": "GET", "status_code": 404, "processing_time": 0.001, "type": "api_request"}
2025-11-25 04:10:52,004 - api - INFO - [custom_logging.py:68] - API_REQUEST: {"timestamp": "2025-11-25T04:10:52.004162", "user_id": "unknown", "endpoint": "/metrics", "method": "GET", "status_code": 404, "processing_time": 0.005, "type": "api_request"}
2025-11-25 04:10:57,713 - api - INFO - [custom_logging.py:68] - API_REQUEST: {"timestamp": "2025-11-25T04:10:57.713911", "user_id": "unknown", "endpoint": "/api/v1/health", "method": "GET", "status_code": 200, "processing_time": 0.013, "type": "api_request"}
2025-11-25 04:11:01,995 - api - INFO - [custom_logging.py:68] - API_REQUEST: {"timestamp": "2025-11-25T04:11:01.995641", "user_id": "unknown", "endpoint": "/metrics", "method": "GET", "status_code": 404, "processing_time": 0.0, "type": "api_request"}
2025-11-25 04:11:11,999 - api - INFO - [custom_logging.py:68] - API_REQUEST: {"timestamp": "2025-11-25T04:11:11.999760", "user_id": "unknown", "endpoint": "/metrics", "method": "GET", "status_code": 404, "processing_time": 0.001, "type": "api_request"}
2025-11-25 04:11:21,997 - api - INFO - [custom_logging.py:68] - API_REQUEST: {"timestamp": "2025-11-25T04:11:21.997317", "user_id": "unknown", "endpoint": "/metrics", "method": "GET", "status_code": 404, "processing_time": 0.001, "type": "api_request"}
2025-11-25 04:11:27,794 - api - INFO - [custom_logging.py:68] - API_REQUEST: {"timestamp": "2025-11-25T04:11:27.793981", "user_id": "unknown", "endpoint": "/api/v1/health", "method": "GET", "status_code": 200, "processing_time": 0.014, "type": "api_request"}
2025-11-25 04:11:32,000 - api - INFO - [custom_logging.py:68] - API_REQUEST: {"timestamp": "2025-11-25T04:11:32.000631", "user_id": "unknown", "endpoint": "/metrics", "method": "GET", "status_code": 404, "processing_time": 0.001, "type": "api_request"}
2025-11-25 04:11:42,000 - api - INFO - [custom_logging.py:68] - API_REQUEST: {"timestamp": "2025-11-25T04:11:42.000416", "user_id": "unknown", "endpoint": "/metrics", "method": "GET", "status_code": 404, "processing_time": 0.001, "type": "api_request"}
2025-11-25 04:11:51,996 - api - INFO - [custom_logging.py:68] - API_REQUEST: {"timestamp": "2025-11-25T04:11:51.996123", "user_id": "unknown", "endpoint": "/metrics", "method": "GET", "status_code": 404, "processing_time": 0.001, "type": "api_request"}
2025-11-25 04:11:57,877 - api - INFO - [custom_logging.py:68] - API_REQUEST: {"timestamp": "2025-11-25T04:11:57.877305", "user_id": "unknown", "endpoint": "/api/v1/health", "method": "GET", "status_code": 200, "processing_time": 0.016, "type": "api_request"}
2025-11-25 04:12:01,998 - api - INFO - [custom_logging.py:68] - API_REQUEST: {"timestamp": "2025-11-25T04:12:01.998248", "user_id": "unknown", "endpoint": "/metrics", "method": "GET", "status_code": 404, "processing_time": 0.001, "type": "api_request"}
2025-11-25 04:12:12,002 - api - INFO - [custom_logging.py:68] - API_REQUEST: {"timestamp": "2025-11-25T04:12:12.002006", "user_id": "unknown", "endpoint": "/metrics", "method": "GET", "status_code": 404, "processing_time": 0.001, "type": "api_request"}
2025-11-25 04:12:21,999 - api - INFO - [custom_logging.py:68] - API_REQUEST: {"timestamp": "2025-11-25T04:12:21.999714", "user_id": "unknown", "endpoint": "/metrics", "method": "GET", "status_code": 404, "processing_time": 0.001, "type": "api_request"}
2025-11-25 04:12:27,954 - api - INFO - [custom_logging.py:68] - API_REQUEST: {"timestamp": "2025-11-25T04:12:27.954470", "user_id": "unknown", "endpoint": "/api/v1/health", "method": "GET", "status_code": 200, "processing_time": 0.014, "type": "api_request"}
2025-11-25 04:12:31,992 - api - INFO - [custom_logging.py:68] - API_REQUEST: {"timestamp": "2025-11-25T04:12:31.992667", "user_id": "unknown", "endpoint": "/metrics", "method": "GET", "status_code": 404, "processing_time": 0.0, "type": "api_request"}
2025-11-25 04:12:41,998 - api - INFO - [custom_logging.py:68] - API_REQUEST: {"timestamp": "2025-11-25T04:12:41.998177", "user_id": "unknown", "endpoint": "/metrics", "method": "GET", "status_code": 404, "processing_time": 0.001, "type": "api_request"}
2025-11-25 04:12:52,000 - api - INFO - [custom_logging.py:68] - API_REQUEST: {"timestamp": "2025-11-25T04:12:52.000046", "user_id": "unknown", "endpoint": "/metrics", "method": "GET", "status_code": 404, "processing_time": 0.0, "type": "api_request"}
2025-11-25 04:12:58,029 - api - INFO - [custom_logging.py:68] - API_REQUEST: {"timestamp": "2025-11-25T04:12:58.029856", "user_id": "unknown", "endpoint": "/api/v1/health", "method": "GET", "status_code": 200, "processing_time": 0.014, "type": "api_request"}
2025-11-25 04:13:01,993 - api - INFO - [custom_logging.py:68] - API_REQUEST: {"timestamp": "2025-11-25T04:13:01.993691", "user_id": "unknown", "endpoint": "/metrics", "method": "GET", "status_code": 404, "processing_time": 0.0, "type": "api_request"}
2025-11-25 04:13:28,103 - api - INFO - [custom_logging.py:68] - API_REQUEST: {"timestamp": "2025-11-25T04:13:28.103136", "user_id": "unknown", "endpoint": "/api/v1/health", "method": "GET", "status_code": 200, "processing_time": 0.015, "type": "api_request"}
2025-11-25 04:13:58,183 - api - INFO - [custom_logging.py:68] - API_REQUEST: {"timestamp": "2025-11-25T04:13:58.182968", "user_id": "unknown", "endpoint": "/api/v1/health", "method": "GET", "status_code": 200, "processing_time": 0.01, "type": "api_request"}
2025-11-25 04:14:28,251 - api - INFO - [custom_logging.py:68] - API_REQUEST: {"timestamp": "2025-11-25T04:14:28.251091", "user_id": "unknown", "endpoint": "/api/v1/health", "method": "GET", "status_code": 200, "processing_time": 0.013, "type": "api_request"}
2025-11-25 04:14:58,339 - api - INFO - [custom_logging.py:68] - API_REQUEST: {"timestamp": "2025-11-25T04:14:58.339272", "user_id": "unknown", "endpoint": "/api/v1/health", "method": "GET", "status_code": 200, "processing_time": 0.016, "type": "api_request"}
2025-11-25 04:15:28,420 - api - INFO - [custom_logging.py:68] - API_REQUEST: {"timestamp": "2025-11-25T04:15:28.420200", "user_id": "unknown", "endpoint": "/api/v1/health", "method": "GET", "status_code": 200, "processing_time": 0.015, "type": "api_request"}
2025-11-25 04:15:58,500 - api - INFO - [custom_logging.py:68] - API_REQUEST: {"timestamp": "2025-11-25T04:15:58.500323", "user_id": "unknown", "endpoint": "/api/v1/health", "method": "GET", "status_code": 200, "processing_time": 0.015, "type": "api_request"}
2025-11-25 04:16:28,580 - api - INFO - [custom_logging.py:68] - API_REQUEST: {"timestamp": "2025-11-25T04:16:28.580154", "user_id": "unknown", "endpoint": "/api/v1/health", "method": "GET", "status_code": 200, "processing_time": 0.012, "type": "api_request"}
2025-11-25 04:16:58,650 - api - INFO - [custom_logging.py:68] - API_REQUEST: {"timestamp": "2025-11-25T04:16:58.650802", "user_id": "unknown", "endpoint": "/api/v1/health", "method": "GET", "status_code": 200, "processing_time": 0.012, "type": "api_request"}
2025-11-25 04:17:09,271 - main - INFO - [main.py:48] - 🛑 Shutting down Company Chatbot Backend API
2025-11-25 04:25:54,092 - main - INFO - [main.py:44] - 🚀 Starting Company Chatbot Backend API with Authentication
2025-11-25 04:25:54,092 - main - INFO - [main.py:45] - 📊 Rate limit: 30 requests/minute
2025-11-25 04:25:58,873 - error - ERROR - [custom_logging.py:84] - ERROR: {"timestamp": "2025-11-25T04:25:58.873873", "user_id": "system", "error_type": "health_check_failed", "error_message": "All connection attempts failed", "context": {}, "type": "error"}
2025-11-25 04:25:58,874 - api - INFO - [custom_logging.py:68] - API_REQUEST: {"timestamp": "2025-11-25T04:25:58.874729", "user_id": "unknown", "endpoint": "/api/v1/health", "method": "GET", "status_code": 200, "processing_time": 0.01, "type": "api_request"}
2025-11-25 04:26:26,761 - error - ERROR - [custom_logging.py:84] - ERROR: {"timestamp": "2025-11-25T04:26:26.761822", "user_id": "system", "error_type": "health_check_failed", "error_message": "All connection attempts failed", "context": {}, "type": "error"}
2025-11-25 04:26:26,763 - api - INFO - [custom_logging.py:68] - API_REQUEST: {"timestamp": "2025-11-25T04:26:26.763353", "user_id": "unknown", "endpoint": "/api/v1/health", "method": "GET", "status_code": 200, "processing_time": 0.016, "type": "api_request"}
2025-11-25 04:26:28,952 - error - ERROR - [custom_logging.py:84] - ERROR: {"timestamp": "2025-11-25T04:26:28.951983", "user_id": "system", "error_type": "health_check_failed", "error_message": "All connection attempts failed", "context": {}, "type": "error"}
2025-11-25 04:26:28,952 - api - INFO - [custom_logging.py:68] - API_REQUEST: {"timestamp": "2025-11-25T04:26:28.952893", "user_id": "unknown", "endpoint": "/api/v1/health", "method": "GET", "status_code": 200, "processing_time": 0.01, "type": "api_request"}
2025-11-25 04:26:37,935 - main - INFO - [main.py:48] - 🛑 Shutting down Company Chatbot Backend API
2025-11-25 04:28:44,813 - main - INFO - [main.py:44] - 🚀 Starting Company Chatbot Backend API with Authentication
2025-11-25 04:28:44,813 - main - INFO - [main.py:45] - 📊 Rate limit: 30 requests/minute
2025-11-25 04:28:49,593 - error - ERROR - [custom_logging.py:84] - ERROR: {"timestamp": "2025-11-25T04:28:49.593025", "user_id": "system", "error_type": "health_check_failed", "error_message": "All connection attempts failed", "context": {}, "type": "error"}
2025-11-25 04:28:49,593 - api - INFO - [custom_logging.py:68] - API_REQUEST: {"timestamp": "2025-11-25T04:28:49.593763", "user_id": "unknown", "endpoint": "/api/v1/health", "method": "GET", "status_code": 200, "processing_time": 0.009, "type": "api_request"}
2025-11-25 04:29:06,220 - error - ERROR - [custom_logging.py:84] - ERROR: {"timestamp": "2025-11-25T04:29:06.220899", "user_id": "system", "error_type": "health_check_failed", "error_message": "All connection attempts failed", "context": {}, "type": "error"}
2025-11-25 04:29:06,222 - api - INFO - [custom_logging.py:68] - API_REQUEST: {"timestamp": "2025-11-25T04:29:06.222321", "user_id": "unknown", "endpoint": "/api/v1/health", "method": "GET", "status_code": 200, "processing_time": 0.015, "type": "api_request"}
2025-11-25 04:29:19,662 - error - ERROR - [custom_logging.py:84] - ERROR: {"timestamp": "2025-11-25T04:29:19.662533", "user_id": "system", "error_type": "health_check_failed", "error_message": "All connection attempts failed", "context": {}, "type": "error"}
2025-11-25 04:29:19,663 - api - INFO - [custom_logging.py:68] - API_REQUEST: {"timestamp": "2025-11-25T04:29:19.663391", "user_id": "unknown", "endpoint": "/api/v1/health", "method": "GET", "status_code": 200, "processing_time": 0.01, "type": "api_request"}
2025-11-25 04:29:37,512 - main - INFO - [main.py:48] - 🛑 Shutting down Company Chatbot Backend API
2025-11-25 04:29:48,436 - main - INFO - [main.py:44] - 🚀 Starting Company Chatbot Backend API with Authentication
2025-11-25 04:29:48,436 - main - INFO - [main.py:45] - 📊 Rate limit: 30 requests/minute
2025-11-25 04:29:53,215 - error - ERROR - [custom_logging.py:84] - ERROR: {"timestamp": "2025-11-25T04:29:53.215497", "user_id": "system", "error_type": "health_check_failed", "error_message": "All connection attempts failed", "context": {}, "type": "error"}
2025-11-25 04:29:53,216 - api - INFO - [custom_logging.py:68] - API_REQUEST: {"timestamp": "2025-11-25T04:29:53.216289", "user_id": "unknown", "endpoint": "/api/v1/health", "method": "GET", "status_code": 200, "processing_time": 0.009, "type": "api_request"}
2025-11-25 04:30:00,735 - error - ERROR - [custom_logging.py:84] - ERROR: {"timestamp": "2025-11-25T04:30:00.735128", "user_id": "system", "error_type": "health_check_failed", "error_message": "All connection attempts failed", "context": {}, "type": "error"}
2025-11-25 04:30:00,736 - api - INFO - [custom_logging.py:68] - API_REQUEST: {"timestamp": "2025-11-25T04:30:00.736404", "user_id": "unknown", "endpoint": "/api/v1/health", "method": "GET", "status_code": 200, "processing_time": 0.017, "type": "api_request"}
2025-11-25 04:30:18,331 - main - INFO - [main.py:48] - 🛑 Shutting down Company Chatbot Backend API
2025-11-25 04:30:18,888 - main - INFO - [main.py:44] - 🚀 Starting Company Chatbot Backend API with Authentication
2025-11-25 04:30:18,888 - main - INFO - [main.py:45] - 📊 Rate limit: 30 requests/minute
2025-11-25 04:30:23,680 - error - ERROR - [custom_logging.py:84] - ERROR: {"timestamp": "2025-11-25T04:30:23.680759", "user_id": "system", "error_type": "health_check_failed", "error_message": "All connection attempts failed", "context": {}, "type": "error"}
2025-11-25 04:30:23,681 - api - INFO - [custom_logging.py:68] - API_REQUEST: {"timestamp": "2025-11-25T04:30:23.681653", "user_id": "unknown", "endpoint": "/api/v1/health", "method": "GET", "status_code": 200, "processing_time": 0.01, "type": "api_request"}
2025-11-25 04:30:27,455 - error - ERROR - [custom_logging.py:84] - ERROR: {"timestamp": "2025-11-25T04:30:27.455109", "user_id": "system", "error_type": "health_check_failed", "error_message": "All connection attempts failed", "context": {}, "type": "error"}
2025-11-25 04:30:27,456 - api - INFO - [custom_logging.py:68] - API_REQUEST: {"timestamp": "2025-11-25T04:30:27.456134", "user_id": "unknown", "endpoint": "/api/v1/health", "method": "GET", "status_code": 200, "processing_time": 0.015, "type": "api_request"}
2025-11-25 04:30:53,758 - error - ERROR - [custom_logging.py:84] - ERROR: {"timestamp": "2025-11-25T04:30:53.758452", "user_id": "system", "error_type": "health_check_failed", "error_message": "All connection attempts failed", "context": {}, "type": "error"}
2025-11-25 04:30:53,759 - api - INFO - [custom_logging.py:68] - API_REQUEST: {"timestamp": "2025-11-25T04:30:53.759380", "user_id": "unknown", "endpoint": "/api/v1/health", "method": "GET", "status_code": 200, "processing_time": 0.009, "type": "api_request"}
2025-11-25 04:31:23,830 - error - ERROR - [custom_logging.py:84] - ERROR: {"timestamp": "2025-11-25T04:31:23.830503", "user_id": "system", "error_type": "health_check_failed", "error_message": "All connection attempts failed", "context": {}, "type": "error"}
2025-11-25 04:31:23,832 - api - INFO - [custom_logging.py:68] - API_REQUEST: {"timestamp": "2025-11-25T04:31:23.832182", "user_id": "unknown", "endpoint": "/api/v1/health", "method": "GET", "status_code": 200, "processing_time": 0.011, "type": "api_request"}
2025-11-25 04:31:53,902 - error - ERROR - [custom_logging.py:84] - ERROR: {"timestamp": "2025-11-25T04:31:53.902435", "user_id": "system", "error_type": "health_check_failed", "error_message": "All connection attempts failed", "context": {}, "type": "error"}
2025-11-25 04:31:53,903 - api - INFO - [custom_logging.py:68] - API_REQUEST: {"timestamp": "2025-11-25T04:31:53.903274", "user_id": "unknown", "endpoint": "/api/v1/health", "method": "GET", "status_code": 200, "processing_time": 0.009, "type": "api_request"}
2025-11-25 04:32:11,526 - main - INFO - [main.py:48] - 🛑 Shutting down Company Chatbot Backend API
2025-11-25 04:32:12,049 - main - INFO - [main.py:44] - 🚀 Starting Company Chatbot Backend API with Authentication
2025-11-25 04:32:12,050 - main - INFO - [main.py:45] - 📊 Rate limit: 30 requests/minute
2025-11-25 04:32:15,771 - api - INFO - [custom_logging.py:68] - API_REQUEST: {"timestamp": "2025-11-25T04:32:15.771061", "user_id": "unknown", "endpoint": "/api/v1/health", "method": "GET", "status_code": 200, "processing_time": 0.021, "type": "api_request"}
2025-11-25 04:32:16,844 - api - INFO - [custom_logging.py:68] - API_REQUEST: {"timestamp": "2025-11-25T04:32:16.844272", "user_id": "unknown", "endpoint": "/api/v1/health", "method": "GET", "status_code": 200, "processing_time": 0.014, "type": "api_request"}
2025-11-25 04:32:46,928 - api - INFO - [custom_logging.py:68] - API_REQUEST: {"timestamp": "2025-11-25T04:32:46.928203", "user_id": "unknown", "endpoint": "/api/v1/health", "method": "GET", "status_code": 200, "processing_time": 0.018, "type": "api_request"}
2025-11-25 04:33:10,591 - api - INFO - [custom_logging.py:68] - API_REQUEST: {"timestamp": "2025-11-25T04:33:10.591227", "user_id": "unknown", "endpoint": "/api/v1/health", "method": "GET", "status_code": 200, "processing_time": 0.019, "type": "api_request"}
2025-11-25 04:33:17,005 - api - INFO - [custom_logging.py:68] - API_REQUEST: {"timestamp": "2025-11-25T04:33:17.005523", "user_id": "unknown", "endpoint": "/api/v1/health", "method": "GET", "status_code": 200, "processing_time": 0.012, "type": "api_request"}
2025-11-25 04:33:47,077 - api - INFO - [custom_logging.py:68] - API_REQUEST: {"timestamp": "2025-11-25T04:33:47.077262", "user_id": "unknown", "endpoint": "/api/v1/health", "method": "GET", "status_code": 200, "processing_time": 0.013, "type": "api_request"}
2025-11-25 04:34:17,156 - api - INFO - [custom_logging.py:68] - API_REQUEST: {"timestamp": "2025-11-25T04:34:17.156234", "user_id": "unknown", "endpoint": "/api/v1/health", "method": "GET", "status_code": 200, "processing_time": 0.017, "type": "api_request"}
2025-11-25 04:34:47,227 - api - INFO - [custom_logging.py:68] - API_REQUEST: {"timestamp": "2025-11-25T04:34:47.227551", "user_id": "unknown", "endpoint": "/api/v1/health", "method": "GET", "status_code": 200, "processing_time": 0.014, "type": "api_request"}
2025-11-25 04:35:17,309 - api - INFO - [custom_logging.py:68] - API_REQUEST: {"timestamp": "2025-11-25T04:35:17.309688", "user_id": "unknown", "endpoint": "/api/v1/health", "method": "GET", "status_code": 200, "processing_time": 0.016, "type": "api_request"}
2025-11-25 04:35:47,392 - api - INFO - [custom_logging.py:68] - API_REQUEST: {"timestamp": "2025-11-25T04:35:47.392043", "user_id": "unknown", "endpoint": "/api/v1/health", "method": "GET", "status_code": 200, "processing_time": 0.015, "type": "api_request"}
2025-11-25 04:36:17,476 - api - INFO - [custom_logging.py:68] - API_REQUEST: {"timestamp": "2025-11-25T04:36:17.476035", "user_id": "unknown", "endpoint": "/api/v1/health", "method": "GET", "status_code": 200, "processing_time": 0.016, "type": "api_request"}
2025-11-25 04:36:47,556 - api - INFO - [custom_logging.py:68] - API_REQUEST: {"timestamp": "2025-11-25T04:36:47.556011", "user_id": "unknown", "endpoint": "/api/v1/health", "method": "GET", "status_code": 200, "processing_time": 0.015, "type": "api_request"}
2025-11-25 04:37:17,636 - api - INFO - [custom_logging.py:68] - API_REQUEST: {"timestamp": "2025-11-25T04:37:17.636303", "user_id": "unknown", "endpoint": "/api/v1/health", "method": "GET", "status_code": 200, "processing_time": 0.014, "type": "api_request"}
2025-11-25 04:37:47,716 - api - INFO - [custom_logging.py:68] - API_REQUEST: {"timestamp": "2025-11-25T04:37:47.716804", "user_id": "unknown", "endpoint": "/api/v1/health", "method": "GET", "status_code": 200, "processing_time": 0.013, "type": "api_request"}
2025-11-25 04:38:17,799 - api - INFO - [custom_logging.py:68] - API_REQUEST: {"timestamp": "2025-11-25T04:38:17.799759", "user_id": "unknown", "endpoint": "/api/v1/health", "method": "GET", "status_code": 200, "processing_time": 0.016, "type": "api_request"}
2025-11-25 04:38:47,877 - api - INFO - [custom_logging.py:68] - API_REQUEST: {"timestamp": "2025-11-25T04:38:47.877451", "user_id": "unknown", "endpoint": "/api/v1/health", "method": "GET", "status_code": 200, "processing_time": 0.014, "type": "api_request"}
2025-11-25 04:39:17,949 - api - INFO - [custom_logging.py:68] - API_REQUEST: {"timestamp": "2025-11-25T04:39:17.949696", "user_id": "unknown", "endpoint": "/api/v1/health", "method": "GET", "status_code": 200, "processing_time": 0.013, "type": "api_request"}
2025-11-25 04:39:48,022 - api - INFO - [custom_logging.py:68] - API_REQUEST: {"timestamp": "2025-11-25T04:39:48.022548", "user_id": "unknown", "endpoint": "/api/v1/health", "method": "GET", "status_code": 200, "processing_time": 0.013, "type": "api_request"}
2025-11-25 04:40:18,118 - api - INFO - [custom_logging.py:68] - API_REQUEST: {"timestamp": "2025-11-25T04:40:18.118085", "user_id": "unknown", "endpoint": "/api/v1/health", "method": "GET", "status_code": 200, "processing_time": 0.019, "type": "api_request"}
2025-11-25 04:40:48,194 - api - INFO - [custom_logging.py:68] - API_REQUEST: {"timestamp": "2025-11-25T04:40:48.194617", "user_id": "unknown", "endpoint": "/api/v1/health", "method": "GET", "status_code": 200, "processing_time": 0.015, "type": "api_request"}
2025-11-25 04:41:18,267 - api - INFO - [custom_logging.py:68] - API_REQUEST: {"timestamp": "2025-11-25T04:41:18.267135", "user_id": "unknown", "endpoint": "/api/v1/health", "method": "GET", "status_code": 200, "processing_time": 0.013, "type": "api_request"}
2025-11-25 04:41:48,341 - api - INFO - [custom_logging.py:68] - API_REQUEST: {"timestamp": "2025-11-25T04:41:48.341913", "user_id": "unknown", "endpoint": "/api/v1/health", "method": "GET", "status_code": 200, "processing_time": 0.013, "type": "api_request"}
2025-11-25 04:42:18,424 - api - INFO - [custom_logging.py:68] - API_REQUEST: {"timestamp": "2025-11-25T04:42:18.424482", "user_id": "unknown", "endpoint": "/api/v1/health", "method": "GET", "status_code": 200, "processing_time": 0.015, "type": "api_request"}
2025-11-25 04:42:48,495 - api - INFO - [custom_logging.py:68] - API_REQUEST: {"timestamp": "2025-11-25T04:42:48.495955", "user_id": "unknown", "endpoint": "/api/v1/health", "method": "GET", "status_code": 200, "processing_time": 0.014, "type": "api_request"}
2025-11-25 04:43:18,573 - api - INFO - [custom_logging.py:68] - API_REQUEST: {"timestamp": "2025-11-25T04:43:18.573749", "user_id": "unknown", "endpoint": "/api/v1/health", "method": "GET", "status_code": 200, "processing_time": 0.014, "type": "api_request"}
2025-11-25 05:33:09,172 - api - INFO - [custom_logging.py:68] - API_REQUEST: {"timestamp": "2025-11-25T05:33:09.172612", "user_id": "unknown", "endpoint": "/api/v1/health", "method": "GET", "status_code": 200, "processing_time": 0.013, "type": "api_request"}
2025-11-25 05:33:16,565 - main - INFO - [main.py:48] - 🛑 Shutting down Company Chatbot Backend API
2025-11-25 05:33:19,356 - main - INFO - [main.py:44] - 🚀 Starting Company Chatbot Backend API with Authentication
2025-11-25 05:33:19,356 - main - INFO - [main.py:45] - 📊 Rate limit: 30 requests/minute
2025-11-25 05:33:20,489 - main - INFO - [main.py:48] - 🛑 Shutting down Company Chatbot Backend API
